This is pdfTeX, Version 3.1415926-2.5-1.40.14 (MiKTeX 2.9) (preloaded format=pdflatex 2014.5.30)  25 NOV 2014 20:08
entering extended mode
**template_Report.tex

(C:\Users\braendlc\Documents\TU_Wien\1_Semester\MachinellesLernen\UEB\GitHub\Ma
chineLearning2014\Aufgabe01\Report\template_Report.tex
LaTeX2e <2011/06/27>
Babel <v3.8m> and hyphenation patterns for english, afrikaans, ancientgreek, ar
abic, armenian, assamese, basque, bengali, bokmal, bulgarian, catalan, coptic, 
croatian, czech, danish, dutch, esperanto, estonian, farsi, finnish, french, ga
lician, german, german-x-2013-05-26, greek, gujarati, hindi, hungarian, iceland
ic, indonesian, interlingua, irish, italian, kannada, kurmanji, latin, latvian,
 lithuanian, malayalam, marathi, mongolian, mongolianlmc, monogreek, ngerman, n
german-x-2013-05-26, nynorsk, oriya, panjabi, pinyin, polish, portuguese, roman
ian, russian, sanskrit, serbian, slovak, slovenian, spanish, swedish, swissgerm
an, tamil, telugu, turkish, turkmen, ukenglish, ukrainian, uppersorbian, usengl
ishmax, welsh, loaded.
("C:\Program Files (x86)\MiKTeX 2.9\tex\latex\base\report.cls"
Document Class: report 2007/10/19 v1.4h Standard LaTeX document class
("C:\Program Files (x86)\MiKTeX 2.9\tex\latex\base\size10.clo"
File: size10.clo 2007/10/19 v1.4h Standard LaTeX file (size option)
)
\c@part=\count79
\c@chapter=\count80
\c@section=\count81
\c@subsection=\count82
\c@subsubsection=\count83
\c@paragraph=\count84
\c@subparagraph=\count85
\c@figure=\count86
\c@table=\count87
\abovecaptionskip=\skip41
\belowcaptionskip=\skip42
\bibindent=\dimen102
)
("C:\Program Files (x86)\MiKTeX 2.9\tex\latex\amsmath\amsmath.sty"
Package: amsmath 2013/01/14 v2.14 AMS math features
\@mathmargin=\skip43

For additional information on amsmath, use the `?' option.
("C:\Program Files (x86)\MiKTeX 2.9\tex\latex\amsmath\amstext.sty"
Package: amstext 2000/06/29 v2.01

("C:\Program Files (x86)\MiKTeX 2.9\tex\latex\amsmath\amsgen.sty"
File: amsgen.sty 1999/11/30 v2.0
\@emptytoks=\toks14
\ex@=\dimen103
))
("C:\Program Files (x86)\MiKTeX 2.9\tex\latex\amsmath\amsbsy.sty"
Package: amsbsy 1999/11/29 v1.2d
\pmbraise@=\dimen104
)
("C:\Program Files (x86)\MiKTeX 2.9\tex\latex\amsmath\amsopn.sty"
Package: amsopn 1999/12/14 v2.01 operator names
)
\inf@bad=\count88
LaTeX Info: Redefining \frac on input line 210.
\uproot@=\count89
\leftroot@=\count90
LaTeX Info: Redefining \overline on input line 306.
\classnum@=\count91
\DOTSCASE@=\count92
LaTeX Info: Redefining \ldots on input line 378.
LaTeX Info: Redefining \dots on input line 381.
LaTeX Info: Redefining \cdots on input line 466.
\Mathstrutbox@=\box26
\strutbox@=\box27
\big@size=\dimen105
LaTeX Font Info:    Redeclaring font encoding OML on input line 566.
LaTeX Font Info:    Redeclaring font encoding OMS on input line 567.
\macc@depth=\count93
\c@MaxMatrixCols=\count94
\dotsspace@=\muskip10
\c@parentequation=\count95
\dspbrk@lvl=\count96
\tag@help=\toks15
\row@=\count97
\column@=\count98
\maxfields@=\count99
\andhelp@=\toks16
\eqnshift@=\dimen106
\alignsep@=\dimen107
\tagshift@=\dimen108
\tagwidth@=\dimen109
\totwidth@=\dimen110
\lineht@=\dimen111
\@envbody=\toks17
\multlinegap=\skip44
\multlinetaggap=\skip45
\mathdisplay@stack=\toks18
LaTeX Info: Redefining \[ on input line 2665.
LaTeX Info: Redefining \] on input line 2666.
)
("C:\Program Files (x86)\MiKTeX 2.9\tex\latex\graphics\graphicx.sty"
Package: graphicx 1999/02/16 v1.0f Enhanced LaTeX Graphics (DPC,SPQR)

("C:\Program Files (x86)\MiKTeX 2.9\tex\latex\graphics\keyval.sty"
Package: keyval 1999/03/16 v1.13 key=value parser (DPC)
\KV@toks@=\toks19
)
("C:\Program Files (x86)\MiKTeX 2.9\tex\latex\graphics\graphics.sty"
Package: graphics 2009/02/05 v1.0o Standard LaTeX Graphics (DPC,SPQR)

("C:\Program Files (x86)\MiKTeX 2.9\tex\latex\graphics\trig.sty"
Package: trig 1999/03/16 v1.09 sin cos tan (DPC)
)
("C:\Program Files (x86)\MiKTeX 2.9\tex\latex\00miktex\graphics.cfg"
File: graphics.cfg 2007/01/18 v1.5 graphics configuration of teTeX/TeXLive
)
Package graphics Info: Driver file: pdftex.def on input line 91.

("C:\Program Files (x86)\MiKTeX 2.9\tex\latex\pdftex-def\pdftex.def"
File: pdftex.def 2011/05/27 v0.06d Graphics/color for pdfTeX

("C:\Program Files (x86)\MiKTeX 2.9\tex\generic\oberdiek\infwarerr.sty"
Package: infwarerr 2010/04/08 v1.3 Providing info/warning/error messages (HO)
)
("C:\Program Files (x86)\MiKTeX 2.9\tex\generic\oberdiek\ltxcmds.sty"
Package: ltxcmds 2011/11/09 v1.22 LaTeX kernel commands for general use (HO)
)
\Gread@gobject=\count100
))
\Gin@req@height=\dimen112
\Gin@req@width=\dimen113
)
("C:\Program Files (x86)\MiKTeX 2.9\tex\latex\tools\tabularx.sty"
Package: tabularx 1999/01/07 v2.07 `tabularx' package (DPC)

("C:\Program Files (x86)\MiKTeX 2.9\tex\latex\tools\array.sty"
Package: array 2008/09/09 v2.4c Tabular extension package (FMi)
\col@sep=\dimen114
\extrarowheight=\dimen115
\NC@list=\toks20
\extratabsurround=\skip46
\backup@length=\skip47
)
\TX@col@width=\dimen116
\TX@old@table=\dimen117
\TX@old@col=\dimen118
\TX@target=\dimen119
\TX@delta=\dimen120
\TX@cols=\count101
\TX@ftn=\toks21
)
("C:\Program Files (x86)\MiKTeX 2.9\tex\latex\amsfonts\amsfonts.sty"
Package: amsfonts 2013/01/14 v3.01 Basic AMSFonts support
\symAMSa=\mathgroup4
\symAMSb=\mathgroup5
LaTeX Font Info:    Overwriting math alphabet `\mathfrak' in version `bold'
(Font)                  U/euf/m/n --> U/euf/b/n on input line 106.
)
("C:\Program Files (x86)\MiKTeX 2.9\tex\latex\amsfonts\amssymb.sty"
Package: amssymb 2013/01/14 v3.01 AMS font symbols
)
(C:\Users\braendlc\Documents\TU_Wien\1_Semester\MachinellesLernen\UEB\GitHub\Ma
chineLearning2014\Aufgabe01\Report\template_Report.aux)
LaTeX Font Info:    Checking defaults for OML/cmm/m/it on input line 14.
LaTeX Font Info:    ... okay on input line 14.
LaTeX Font Info:    Checking defaults for T1/cmr/m/n on input line 14.
LaTeX Font Info:    ... okay on input line 14.
LaTeX Font Info:    Checking defaults for OT1/cmr/m/n on input line 14.
LaTeX Font Info:    ... okay on input line 14.
LaTeX Font Info:    Checking defaults for OMS/cmsy/m/n on input line 14.
LaTeX Font Info:    ... okay on input line 14.
LaTeX Font Info:    Checking defaults for OMX/cmex/m/n on input line 14.
LaTeX Font Info:    ... okay on input line 14.
LaTeX Font Info:    Checking defaults for U/cmr/m/n on input line 14.
LaTeX Font Info:    ... okay on input line 14.

(C:\Users\braendlc\AppData\Roaming\MiKTeX\2.9\tex\context\base\supp-pdf.mkii
[Loading MPS to PDF converter (version 2006.09.02).]
\scratchcounter=\count102
\scratchdimen=\dimen121
\scratchbox=\box28
\nofMPsegments=\count103
\nofMParguments=\count104
\everyMPshowfont=\toks22
\MPscratchCnt=\count105
\MPscratchDim=\dimen122
\MPnumerator=\count106
\makeMPintoPDFobject=\count107
\everyMPtoPDFconversion=\toks23
)
LaTeX Font Info:    Try loading font information for U+msa on input line 15.
 ("C:\Program Files (x86)\MiKTeX 2.9\tex\latex\amsfonts\umsa.fd"
File: umsa.fd 2013/01/14 v3.01 AMS symbols A
)
LaTeX Font Info:    Try loading font information for U+msb on input line 15.

("C:\Program Files (x86)\MiKTeX 2.9\tex\latex\amsfonts\umsb.fd"
File: umsb.fd 2013/01/14 v3.01 AMS symbols B
) [1

{C:/Users/braendlc/AppData/Local/MiKTeX/2.9/pdftex/config/pdftex.map}] [1]
<./images/DataSet_100.jpg, id=11, 1204.5pt x 903.375pt>
File: ./images/DataSet_100.jpg Graphic file (type jpg)

<use ./images/DataSet_100.jpg>
Package pdftex.def Info: ./images/DataSet_100.jpg used on input line 34.
(pdftex.def)             Requested size: 137.9979pt x 103.49309pt.

<./images/DataSet_200.jpg, id=12, 1204.5pt x 903.375pt>
File: ./images/DataSet_200.jpg Graphic file (type jpg)

<use ./images/DataSet_200.jpg>
Package pdftex.def Info: ./images/DataSet_200.jpg used on input line 34.
(pdftex.def)             Requested size: 137.9979pt x 103.49309pt.

<./images/DataSet_300.jpg, id=13, 1204.5pt x 903.375pt>
File: ./images/DataSet_300.jpg Graphic file (type jpg)

<use ./images/DataSet_300.jpg>
Package pdftex.def Info: ./images/DataSet_300.jpg used on input line 38.
(pdftex.def)             Requested size: 137.9979pt x 103.49309pt.

<./images/DataSet_400.jpg, id=14, 1204.5pt x 903.375pt>
File: ./images/DataSet_400.jpg Graphic file (type jpg)

<use ./images/DataSet_400.jpg>
Package pdftex.def Info: ./images/DataSet_400.jpg used on input line 38.
(pdftex.def)             Requested size: 137.9979pt x 103.49309pt.
 [1 <C:/Users/braendlc/Documents/TU_Wien/1_Semester/MachinellesLernen/UEB/GitHu
b/MachineLearning2014/Aufgabe01/Report/images/DataSet_100.jpg> <C:/Users/braend
lc/Documents/TU_Wien/1_Semester/MachinellesLernen/UEB/GitHub/MachineLearning201
4/Aufgabe01/Report/images/DataSet_200.jpg> <C:/Users/braendlc/Documents/TU_Wien
/1_Semester/MachinellesLernen/UEB/GitHub/MachineLearning2014/Aufgabe01/Report/i
mages/DataSet_300.jpg> <C:/Users/braendlc/Documents/TU_Wien/1_Semester/Machinel
lesLernen/UEB/GitHub/MachineLearning2014/Aufgabe01/Report/images/DataSet_400.jp
g>]
<./images/GammaToIterations_0150.jpg, id=22, 1204.5pt x 903.375pt>
File: ./images/GammaToIterations_0150.jpg Graphic file (type jpg)

<use ./images/GammaToIterations_0150.jpg>
Package pdftex.def Info: ./images/GammaToIterations_0150.jpg used on input line
 62.
(pdftex.def)             Requested size: 137.9979pt x 103.49309pt.

<./images/GammaToIterations_0250.jpg, id=23, 1204.5pt x 903.375pt>
File: ./images/GammaToIterations_0250.jpg Graphic file (type jpg)

<use ./images/GammaToIterations_0250.jpg>
Package pdftex.def Info: ./images/GammaToIterations_0250.jpg used on input line
 62.
(pdftex.def)             Requested size: 137.9979pt x 103.49309pt.

<./images/GammaToIterations_0350.jpg, id=24, 1204.5pt x 903.375pt>
File: ./images/GammaToIterations_0350.jpg Graphic file (type jpg)

<use ./images/GammaToIterations_0350.jpg>
Package pdftex.def Info: ./images/GammaToIterations_0350.jpg used on input line
 66.
(pdftex.def)             Requested size: 137.9979pt x 103.49309pt.

<./images/GammaToIterations_0450.jpg, id=25, 1204.5pt x 903.375pt>
File: ./images/GammaToIterations_0450.jpg Graphic file (type jpg)

<use ./images/GammaToIterations_0450.jpg>
Package pdftex.def Info: ./images/GammaToIterations_0450.jpg used on input line
 66.
(pdftex.def)             Requested size: 137.9979pt x 103.49309pt.

Overfull \hbox (7.61165pt too wide) in paragraph at lines 77--78
\OT1/cmr/m/n/10 Die er-mit-tel-ten Entschei-dungs-gren-zen des batch-learning s
owie des online-learning
 []

<./images/DataSetAndDecisionBoundary_110.jpg, id=26, 1204.5pt x 903.375pt>
File: ./images/DataSetAndDecisionBoundary_110.jpg Graphic file (type jpg)

<use ./images/DataSetAndDecisionBoundary_110.jpg>
Package pdftex.def Info: ./images/DataSetAndDecisionBoundary_110.jpg used on in
put line 83.
(pdftex.def)             Requested size: 137.9979pt x 103.49309pt.

<./images/DataSetAndDecisionBoundary_210.jpg, id=27, 1204.5pt x 903.375pt>
File: ./images/DataSetAndDecisionBoundary_210.jpg Graphic file (type jpg)

<use ./images/DataSetAndDecisionBoundary_210.jpg>
Package pdftex.def Info: ./images/DataSetAndDecisionBoundary_210.jpg used on in
put line 83.
(pdftex.def)             Requested size: 137.9979pt x 103.49309pt.

<./images/DataSetAndDecisionBoundary_310.jpg, id=28, 1204.5pt x 903.375pt>
File: ./images/DataSetAndDecisionBoundary_310.jpg Graphic file (type jpg)

<use ./images/DataSetAndDecisionBoundary_310.jpg>
Package pdftex.def Info: ./images/DataSetAndDecisionBoundary_310.jpg used on in
put line 89.
(pdftex.def)             Requested size: 137.9979pt x 103.49309pt.

<./images/DataSetAndDecisionBoundary_410.jpg, id=29, 1204.5pt x 903.375pt>
File: ./images/DataSetAndDecisionBoundary_410.jpg Graphic file (type jpg)

<use ./images/DataSetAndDecisionBoundary_410.jpg>
Package pdftex.def Info: ./images/DataSetAndDecisionBoundary_410.jpg used on in
put line 89.
(pdftex.def)             Requested size: 137.9979pt x 103.49309pt.


LaTeX Warning: `h' float specifier changed to `ht'.

[2 <C:/Users/braendlc/Documents/TU_Wien/1_Semester/MachinellesLernen/UEB/GitHub
/MachineLearning2014/Aufgabe01/Report/images/GammaToIterations_0150.jpg> <C:/Us
ers/braendlc/Documents/TU_Wien/1_Semester/MachinellesLernen/UEB/GitHub/MachineL
earning2014/Aufgabe01/Report/images/GammaToIterations_0250.jpg> <C:/Users/braen
dlc/Documents/TU_Wien/1_Semester/MachinellesLernen/UEB/GitHub/MachineLearning20
14/Aufgabe01/Report/images/GammaToIterations_0350.jpg> <C:/Users/braendlc/Docum
ents/TU_Wien/1_Semester/MachinellesLernen/UEB/GitHub/MachineLearning2014/Aufgab
e01/Report/images/GammaToIterations_0450.jpg>]
Overfull \hbox (24.93195pt too wide) in paragraph at lines 114--114
[]\OT1/cmr/bx/n/12 Gewichtsvektor mit-tels Gra-di-en-ten-ab-stieg bei quadratis
-
 []

[3 <C:/Users/braendlc/Documents/TU_Wien/1_Semester/MachinellesLernen/UEB/GitHub
/MachineLearning2014/Aufgabe01/Report/images/DataSetAndDecisionBoundary_110.jpg
> <C:/Users/braendlc/Documents/TU_Wien/1_Semester/MachinellesLernen/UEB/GitHub/
MachineLearning2014/Aufgabe01/Report/images/DataSetAndDecisionBoundary_210.jpg>
 <C:/Users/braendlc/Documents/TU_Wien/1_Semester/MachinellesLernen/UEB/GitHub/M
achineLearning2014/Aufgabe01/Report/images/DataSetAndDecisionBoundary_310.jpg> 
<C:/Users/braendlc/Documents/TU_Wien/1_Semester/MachinellesLernen/UEB/GitHub/Ma
chineLearning2014/Aufgabe01/Report/images/DataSetAndDecisionBoundary_410.jpg>]
Missing character: There is no Ã in font cmbx12!
Missing character: There is no ¤ in font cmbx12!
Missing character: There is no Ã in font cmr10!
Missing character: There is no ¤ in font cmr10!
Missing character: There is no Ã in font cmr10!
Missing character: There is no ¤ in font cmr10!
Missing character: There is no Ã in font cmr10!
Missing character: There is no ¶ in font cmr10!

<./images/VarianceWeightCoeffinientsOverDimension.png, id=43, 612.2875pt x 461.
725pt>
File: ./images/VarianceWeightCoeffinientsOverDimension.png Graphic file (type p
ng)
 <use ./images/VarianceWeightCoeffinientsOverDimension.png>
Package pdftex.def Info: ./images/VarianceWeightCoeffinientsOverDimension.png u
sed on input line 140.
(pdftex.def)             Requested size: 137.9979pt x 104.05977pt.

<./images/DeviationWeightCoeffinientsOverDimension.png, id=44, 612.2875pt x 461
.725pt>
File: ./images/DeviationWeightCoeffinientsOverDimension.png Graphic file (type 
png)
 <use ./images/DeviationWeightCoeffinientsOverDimension.png>
Package pdftex.def Info: ./images/DeviationWeightCoeffinientsOverDimension.png 
used on input line 140.
(pdftex.def)             Requested size: 137.9979pt x 104.05977pt.

<./images/f_x_w_star_overDimensions.png, id=45, 612.2875pt x 461.725pt>
File: ./images/f_x_w_star_overDimensions.png Graphic file (type png)

<use ./images/f_x_w_star_overDimensions.png>
Package pdftex.def Info: ./images/f_x_w_star_overDimensions.png used on input l
ine 152.
(pdftex.def)             Requested size: 137.9979pt x 104.05977pt.


LaTeX Warning: `h' float specifier changed to `ht'.

[4 <C:/Users/braendlc/Documents/TU_Wien/1_Semester/MachinellesLernen/UEB/GitHub
/MachineLearning2014/Aufgabe01/Report/images/VarianceWeightCoeffinientsOverDime
nsion.png (PNG copy)> <C:/Users/braendlc/Documents/TU_Wien/1_Semester/Machinell
esLernen/UEB/GitHub/MachineLearning2014/Aufgabe01/Report/images/DeviationWeight
CoeffinientsOverDimension.png (PNG copy)>] [5 <C:/Users/braendlc/Documents/TU_W
ien/1_Semester/MachinellesLernen/UEB/GitHub/MachineLearning2014/Aufgabe01/Repor
t/images/f_x_w_star_overDimensions.png (PNG copy)>]
(C:\Users\braendlc\Documents\TU_Wien\1_Semester\MachinellesLernen\UEB\GitHub\Ma
chineLearning2014\Aufgabe01\Report\template_Report.aux) ) 
Here is how much of TeX's memory you used:
 2219 strings out of 493921
 30037 string characters out of 3144867
 80942 words of memory out of 3000000
 5493 multiletter control sequences out of 15000+200000
 11849 words of font info for 46 fonts, out of 3000000 for 9000
 841 hyphenation exceptions out of 8191
 27i,11n,24p,631b,282s stack positions out of 5000i,500n,10000p,200000b,50000s
<C:/Program Files (x86
)/MiKTeX 2.9/fonts/type1/public/amsfonts/cm/cmbx10.pfb><C:/Program Files (x86)/
MiKTeX 2.9/fonts/type1/public/amsfonts/cm/cmbx12.pfb><C:/Program Files (x86)/Mi
KTeX 2.9/fonts/type1/public/amsfonts/cm/cmmi10.pfb><C:/Program Files (x86)/MiKT
eX 2.9/fonts/type1/public/amsfonts/cm/cmmi12.pfb><C:/Program Files (x86)/MiKTeX
 2.9/fonts/type1/public/amsfonts/cm/cmmi7.pfb><C:/Program Files (x86)/MiKTeX 2.
9/fonts/type1/public/amsfonts/cm/cmr10.pfb><C:/Program Files (x86)/MiKTeX 2.9/f
onts/type1/public/amsfonts/cm/cmr12.pfb><C:/Program Files (x86)/MiKTeX 2.9/font
s/type1/public/amsfonts/cm/cmr17.pfb><C:/Program Files (x86)/MiKTeX 2.9/fonts/t
ype1/public/amsfonts/cm/cmr7.pfb><C:/Program Files (x86)/MiKTeX 2.9/fonts/type1
/public/amsfonts/cm/cmr8.pfb><C:/Program Files (x86)/MiKTeX 2.9/fonts/type1/pub
lic/amsfonts/cm/cmsy10.pfb><C:/Program Files (x86)/MiKTeX 2.9/fonts/type1/publi
c/amsfonts/cm/cmsy7.pfb><C:/Program Files (x86)/MiKTeX 2.9/fonts/type1/public/a
msfonts/cm/cmsy8.pfb><C:/Program Files (x86)/MiKTeX 2.9/fonts/type1/public/amsf
onts/cm/cmti10.pfb><C:/Program Files (x86)/MiKTeX 2.9/fonts/type1/public/amsfon
ts/symbols/msbm10.pfb>
Output written on template_Report.pdf (7 pages, 940525 bytes).
PDF statistics:
 101 PDF objects out of 1000 (max. 8388607)
 0 named destinations out of 1000 (max. 500000)
 76 words of extra memory for PDF output out of 10000 (max. 10000000)

